app/build/intermediates/manifest_merge_blame_file/debug/manifest-merger-blame-debug-report.txt
1<?xml version="1.0" encoding="utf-8"?>
2<manifest xmlns:android="http://schemas.android.com/apk/res/android"
3    package="com.example.firebasedb"
4    android:versionCode="1"
5    android:versionName="1.0" >
6
7    <uses-sdk
8        android:minSdkVersion="24"
8-->src\main\AndroidManifest.xml
9        android:targetSdkVersion="33" />
9-->src\main\AndroidManifest.xml
10
11    <uses-feature
11-->src\main\AndroidManifest.xml:5:5-7:35
12        android:glEsVersion="0x00020000"
12-->src\main\AndroidManifest.xml:6:9-41
13        android:required="true" />
13-->src\main\AndroidManifest.xml:7:9-32
14    <uses-feature
14-->src\main\AndroidManifest.xml:8:5-10:36
15        android:name="android.hardware.camera"
15-->src\main\AndroidManifest.xml:9:9-47
16        android:required="false" />
16-->src\main\AndroidManifest.xml:10:9-33
17
18    <uses-permission android:name="android.permission.WRITE_EXTERNAL_STORAGE" />
18-->src\main\AndroidManifest.xml:12:5-81
18-->src\main\AndroidManifest.xml:12:22-78
19    <uses-permission android:name="android.permission.ACCESS_FINE_LOCATION" />
19-->src\main\AndroidManifest.xml:13:5-79
19-->src\main\AndroidManifest.xml:13:22-76
20    <uses-permission android:name="android.permission.ACCESS_COARSE_LOCATION" />
20-->src\main\AndroidManifest.xml:14:5-81
20-->src\main\AndroidManifest.xml:14:22-78
21    <uses-permission android:name="android.permission.INTERNET" />
21-->src\main\AndroidManifest.xml:15:5-67
21-->src\main\AndroidManifest.xml:15:22-64
22    <uses-permission android:name="android.permission.ACCESS_NETWORK_STATE" />
22-->src\main\AndroidManifest.xml:16:5-79
22-->src\main\AndroidManifest.xml:16:22-76
23
24    <permission
24-->src\main\AndroidManifest.xml:18:5-20:47
25        android:name="packagename.permission.MAPS_RECEIVE"
25-->src\main\AndroidManifest.xml:19:9-59
26        android:protectionLevel="signature" />
26-->src\main\AndroidManifest.xml:20:9-44
27
28    <uses-permission android:name="packagename.permission.MAPS_RECEIVE" />
28-->src\main\AndroidManifest.xml:22:5-75
28-->src\main\AndroidManifest.xml:22:22-72
29    <uses-permission android:name="com.google.android.providers.gsf.permission.READ_GSERVICES" />
29-->src\main\AndroidManifest.xml:23:5-98
29-->src\main\AndroidManifest.xml:23:22-95
30    <uses-permission android:name="android.permission.ACCESS_COARSE_LOCATION" />
30-->src\main\AndroidManifest.xml:14:5-81
30-->src\main\AndroidManifest.xml:14:22-78
31    <uses-permission android:name="android.permission.ACCESS_FINE_LOCATION" />
31-->src\main\AndroidManifest.xml:13:5-79
31-->src\main\AndroidManifest.xml:13:22-76
32    <uses-permission android:name="android.permission.CAMERA" />
32-->src\main\AndroidManifest.xml:26:5-65
32-->src\main\AndroidManifest.xml:26:22-62
33    <uses-permission android:name="android.permission.READ_MEDIA_IMAGES" />
33-->src\main\AndroidManifest.xml:27:5-76
33-->src\main\AndroidManifest.xml:27:22-73
34
35    <queries>
35-->[com.google.android.gms:play-services-maps:18.1.0] AndroidManifest.xml:30:5-34:15
36
37        <!-- Needs to be explicitly declared on Android R+ -->
38        <package android:name="com.google.android.apps.maps" />
38-->[com.google.android.gms:play-services-maps:18.1.0] AndroidManifest.xml:33:9-64
38-->[com.google.android.gms:play-services-maps:18.1.0] AndroidManifest.xml:33:18-61
39    </queries>
40
41    <permission
41-->[androidx.core:core:1.9.0] AndroidManifest.xml:22:5-24:47
42        android:name="com.example.firebasedb.DYNAMIC_RECEIVER_NOT_EXPORTED_PERMISSION"
42-->[androidx.core:core:1.9.0] AndroidManifest.xml:23:9-81
43        android:protectionLevel="signature" />
43-->[androidx.core:core:1.9.0] AndroidManifest.xml:24:9-44
44
45    <uses-permission android:name="com.example.firebasedb.DYNAMIC_RECEIVER_NOT_EXPORTED_PERMISSION" />
45-->[androidx.core:core:1.9.0] AndroidManifest.xml:26:5-97
45-->[androidx.core:core:1.9.0] AndroidManifest.xml:26:22-94
46
47    <application
47-->src\main\AndroidManifest.xml:29:5-76:19
48        android:allowBackup="true"
48-->src\main\AndroidManifest.xml:30:9-35
49        android:appComponentFactory="androidx.core.app.CoreComponentFactory"
49-->[androidx.core:core:1.9.0] AndroidManifest.xml:28:18-86
50        android:dataExtractionRules="@xml/data_extraction_rules"
50-->src\main\AndroidManifest.xml:31:9-65
51        android:debuggable="true"
52        android:extractNativeLibs="false"
53        android:fullBackupContent="@xml/backup_rules"
53-->src\main\AndroidManifest.xml:32:9-54
54        android:icon="@mipmap/ic_launcher"
54-->src\main\AndroidManifest.xml:33:9-43
55        android:label="@string/app_name"
55-->src\main\AndroidManifest.xml:34:9-41
56        android:roundIcon="@mipmap/ic_launcher_round"
56-->src\main\AndroidManifest.xml:35:9-54
57        android:supportsRtl="true"
57-->src\main\AndroidManifest.xml:36:9-35
58        android:testOnly="true"
59        android:theme="@style/Theme.Material3.Light" >
59-->src\main\AndroidManifest.xml:37:9-53
60        <activity
60-->src\main\AndroidManifest.xml:39:9-42:40
61            android:name="com.example.firebasedb.barlist"
61-->src\main\AndroidManifest.xml:40:13-36
62            android:exported="false"
62-->src\main\AndroidManifest.xml:42:13-37
63            android:theme="@style/PurpleActionBarTheme" />
63-->src\main\AndroidManifest.xml:41:13-56
64
65        <meta-data
65-->src\main\AndroidManifest.xml:44:9-46:69
66            android:name="com.google.android.gms.version"
66-->src\main\AndroidManifest.xml:45:13-58
67            android:value="@integer/google_play_services_version" />
67-->src\main\AndroidManifest.xml:46:13-66
68        <meta-data
68-->src\main\AndroidManifest.xml:47:9-49:71
69            android:name="com.google.android.maps.v2.API_KEY"
69-->src\main\AndroidManifest.xml:48:13-62
70            android:value="AIzaSyBvaC3xRt_YD2UnsV1Kvq683maCg2rcnTE" />
70-->src\main\AndroidManifest.xml:49:13-68
71
72        <activity
72-->src\main\AndroidManifest.xml:51:9-54:40
73            android:name="com.example.firebasedb.BarDetailActivity"
73-->src\main\AndroidManifest.xml:52:13-46
74            android:exported="false"
74-->src\main\AndroidManifest.xml:54:13-37
75            android:theme="@style/PurpleActionBarTheme" />
75-->src\main\AndroidManifest.xml:53:13-56
76        <activity
76-->src\main\AndroidManifest.xml:55:9-57:40
77            android:name="com.example.firebasedb.AddReviewActivity"
77-->src\main\AndroidManifest.xml:56:13-46
78            android:exported="false" />
78-->src\main\AndroidManifest.xml:57:13-37
79        <activity
79-->src\main\AndroidManifest.xml:58:9-61:72
80            android:name="com.example.firebasedb.Register"
80-->src\main\AndroidManifest.xml:59:13-37
81            android:exported="false"
81-->src\main\AndroidManifest.xml:60:13-37
82            android:theme="@style/Theme.Material3.Light.NoActionBar" />
82-->src\main\AndroidManifest.xml:61:13-69
83        <activity
83-->src\main\AndroidManifest.xml:62:9-71:20
84            android:name="com.example.firebasedb.Login"
84-->src\main\AndroidManifest.xml:63:13-34
85            android:exported="true"
85-->src\main\AndroidManifest.xml:64:13-36
86            android:theme="@style/Theme.Material3.Light.NoActionBar" >
86-->src\main\AndroidManifest.xml:65:13-69
87            <intent-filter>
87-->src\main\AndroidManifest.xml:66:13-70:29
88                <action android:name="android.intent.action.MAIN" />
88-->src\main\AndroidManifest.xml:67:17-69
88-->src\main\AndroidManifest.xml:67:25-66
89
90                <category android:name="android.intent.category.LAUNCHER" />
90-->src\main\AndroidManifest.xml:69:17-77
90-->src\main\AndroidManifest.xml:69:27-74
91            </intent-filter>
92        </activity>
93        <activity
93-->src\main\AndroidManifest.xml:72:9-75:39
94            android:name="com.example.firebasedb.MainActivity"
94-->src\main\AndroidManifest.xml:73:13-41
95            android:exported="true"
95-->src\main\AndroidManifest.xml:75:13-36
96            android:theme="@style/PurpleActionBarTheme" />
96-->src\main\AndroidManifest.xml:74:13-56
97
98        <service
98-->[com.google.firebase:firebase-firestore:24.6.1] AndroidManifest.xml:16:9-22:19
99            android:name="com.google.firebase.components.ComponentDiscoveryService"
99-->[com.google.firebase:firebase-firestore:24.6.1] AndroidManifest.xml:17:13-84
100            android:directBootAware="true"
100-->[com.google.firebase:firebase-common:20.3.2] AndroidManifest.xml:34:13-43
101            android:exported="false" >
101-->[com.google.firebase:firebase-firestore:24.6.1] AndroidManifest.xml:18:13-37
102            <meta-data
102-->[com.google.firebase:firebase-firestore:24.6.1] AndroidManifest.xml:19:13-21:85
103                android:name="com.google.firebase.components:com.google.firebase.firestore.FirestoreRegistrar"
103-->[com.google.firebase:firebase-firestore:24.6.1] AndroidManifest.xml:20:17-111
104                android:value="com.google.firebase.components.ComponentRegistrar" />
104-->[com.google.firebase:firebase-firestore:24.6.1] AndroidManifest.xml:21:17-82
105            <meta-data
105-->[com.google.firebase:firebase-auth:22.0.0] AndroidManifest.xml:69:13-71:85
106                android:name="com.google.firebase.components:com.google.firebase.auth.FirebaseAuthRegistrar"
106-->[com.google.firebase:firebase-auth:22.0.0] AndroidManifest.xml:70:17-109
107                android:value="com.google.firebase.components.ComponentRegistrar" />
107-->[com.google.firebase:firebase-auth:22.0.0] AndroidManifest.xml:71:17-82
108            <meta-data
108-->[com.google.firebase:firebase-database:20.2.2] AndroidManifest.xml:31:13-33:85
109                android:name="com.google.firebase.components:com.google.firebase.database.DatabaseRegistrar"
109-->[com.google.firebase:firebase-database:20.2.2] AndroidManifest.xml:32:17-109
110                android:value="com.google.firebase.components.ComponentRegistrar" />
110-->[com.google.firebase:firebase-database:20.2.2] AndroidManifest.xml:33:17-82
111        </service>
112
113        <activity
113-->[com.google.firebase:firebase-auth:22.0.0] AndroidManifest.xml:29:9-46:20
114            android:name="com.google.firebase.auth.internal.GenericIdpActivity"
114-->[com.google.firebase:firebase-auth:22.0.0] AndroidManifest.xml:30:13-80
115            android:excludeFromRecents="true"
115-->[com.google.firebase:firebase-auth:22.0.0] AndroidManifest.xml:31:13-46
116            android:exported="true"
116-->[com.google.firebase:firebase-auth:22.0.0] AndroidManifest.xml:32:13-36
117            android:launchMode="singleTask"
117-->[com.google.firebase:firebase-auth:22.0.0] AndroidManifest.xml:33:13-44
118            android:theme="@android:style/Theme.Translucent.NoTitleBar" >
118-->[com.google.firebase:firebase-auth:22.0.0] AndroidManifest.xml:34:13-72
119            <intent-filter>
119-->[com.google.firebase:firebase-auth:22.0.0] AndroidManifest.xml:35:13-45:29
120                <action android:name="android.intent.action.VIEW" />
120-->[com.google.firebase:firebase-auth:22.0.0] AndroidManifest.xml:36:17-69
120-->[com.google.firebase:firebase-auth:22.0.0] AndroidManifest.xml:36:25-66
121
122                <category android:name="android.intent.category.DEFAULT" />
122-->[com.google.firebase:firebase-auth:22.0.0] AndroidManifest.xml:38:17-76
122-->[com.google.firebase:firebase-auth:22.0.0] AndroidManifest.xml:38:27-73
123                <category android:name="android.intent.category.BROWSABLE" />
123-->[com.google.firebase:firebase-auth:22.0.0] AndroidManifest.xml:39:17-78
123-->[com.google.firebase:firebase-auth:22.0.0] AndroidManifest.xml:39:27-75
124
125                <data
125-->[com.google.firebase:firebase-auth:22.0.0] AndroidManifest.xml:41:17-44:51
126                    android:host="firebase.auth"
126-->[com.google.firebase:firebase-auth:22.0.0] AndroidManifest.xml:42:21-49
127                    android:path="/"
127-->[com.google.firebase:firebase-auth:22.0.0] AndroidManifest.xml:43:21-37
128                    android:scheme="genericidp" />
128-->[com.google.firebase:firebase-auth:22.0.0] AndroidManifest.xml:44:21-48
129            </intent-filter>
130        </activity>
131        <activity
131-->[com.google.firebase:firebase-auth:22.0.0] AndroidManifest.xml:47:9-64:20
132            android:name="com.google.firebase.auth.internal.RecaptchaActivity"
132-->[com.google.firebase:firebase-auth:22.0.0] AndroidManifest.xml:48:13-79
133            android:excludeFromRecents="true"
133-->[com.google.firebase:firebase-auth:22.0.0] AndroidManifest.xml:49:13-46
134            android:exported="true"
134-->[com.google.firebase:firebase-auth:22.0.0] AndroidManifest.xml:50:13-36
135            android:launchMode="singleTask"
135-->[com.google.firebase:firebase-auth:22.0.0] AndroidManifest.xml:51:13-44
136            android:theme="@android:style/Theme.Translucent.NoTitleBar" >
136-->[com.google.firebase:firebase-auth:22.0.0] AndroidManifest.xml:52:13-72
137            <intent-filter>
137-->[com.google.firebase:firebase-auth:22.0.0] AndroidManifest.xml:53:13-63:29
138                <action android:name="android.intent.action.VIEW" />
138-->[com.google.firebase:firebase-auth:22.0.0] AndroidManifest.xml:36:17-69
138-->[com.google.firebase:firebase-auth:22.0.0] AndroidManifest.xml:36:25-66
139
140                <category android:name="android.intent.category.DEFAULT" />
140-->[com.google.firebase:firebase-auth:22.0.0] AndroidManifest.xml:38:17-76
140-->[com.google.firebase:firebase-auth:22.0.0] AndroidManifest.xml:38:27-73
141                <category android:name="android.intent.category.BROWSABLE" />
141-->[com.google.firebase:firebase-auth:22.0.0] AndroidManifest.xml:39:17-78
141-->[com.google.firebase:firebase-auth:22.0.0] AndroidManifest.xml:39:27-75
142
143                <data
143-->[com.google.firebase:firebase-auth:22.0.0] AndroidManifest.xml:41:17-44:51
144                    android:host="firebase.auth"
144-->[com.google.firebase:firebase-auth:22.0.0] AndroidManifest.xml:42:21-49
145                    android:path="/"
145-->[com.google.firebase:firebase-auth:22.0.0] AndroidManifest.xml:43:21-37
146                    android:scheme="recaptcha" />
146-->[com.google.firebase:firebase-auth:22.0.0] AndroidManifest.xml:44:21-48
147            </intent-filter>
148        </activity> <!-- Needs to be explicitly declared on P+ -->
149        <uses-library
149-->[com.google.android.gms:play-services-maps:18.1.0] AndroidManifest.xml:39:9-41:40
150            android:name="org.apache.http.legacy"
150-->[com.google.android.gms:play-services-maps:18.1.0] AndroidManifest.xml:40:13-50
151            android:required="false" />
151-->[com.google.android.gms:play-services-maps:18.1.0] AndroidManifest.xml:41:13-37
152
153        <provider
153-->[com.google.firebase:firebase-common:20.3.2] AndroidManifest.xml:25:9-30:39
154            android:name="com.google.firebase.provider.FirebaseInitProvider"
154-->[com.google.firebase:firebase-common:20.3.2] AndroidManifest.xml:26:13-77
155            android:authorities="com.example.firebasedb.firebaseinitprovider"
155-->[com.google.firebase:firebase-common:20.3.2] AndroidManifest.xml:27:13-72
156            android:directBootAware="true"
156-->[com.google.firebase:firebase-common:20.3.2] AndroidManifest.xml:28:13-43
157            android:exported="false"
157-->[com.google.firebase:firebase-common:20.3.2] AndroidManifest.xml:29:13-37
158            android:initOrder="100" />
158-->[com.google.firebase:firebase-common:20.3.2] AndroidManifest.xml:30:13-36
159
160        <activity
160-->[com.google.android.gms:play-services-base:18.1.0] AndroidManifest.xml:20:9-22:45
161            android:name="com.google.android.gms.common.api.GoogleApiActivity"
161-->[com.google.android.gms:play-services-base:18.1.0] AndroidManifest.xml:20:19-85
162            android:exported="false"
162-->[com.google.android.gms:play-services-base:18.1.0] AndroidManifest.xml:22:19-43
163            android:theme="@android:style/Theme.Translucent.NoTitleBar" />
163-->[com.google.android.gms:play-services-base:18.1.0] AndroidManifest.xml:21:19-78
164
165        <provider
165-->[androidx.emoji2:emoji2:1.2.0] AndroidManifest.xml:24:9-32:20
166            android:name="androidx.startup.InitializationProvider"
166-->[androidx.emoji2:emoji2:1.2.0] AndroidManifest.xml:25:13-67
167            android:authorities="com.example.firebasedb.androidx-startup"
167-->[androidx.emoji2:emoji2:1.2.0] AndroidManifest.xml:26:13-68
168            android:exported="false" >
168-->[androidx.emoji2:emoji2:1.2.0] AndroidManifest.xml:27:13-37
169            <meta-data
169-->[androidx.emoji2:emoji2:1.2.0] AndroidManifest.xml:29:13-31:52
170                android:name="androidx.emoji2.text.EmojiCompatInitializer"
170-->[androidx.emoji2:emoji2:1.2.0] AndroidManifest.xml:30:17-75
171                android:value="androidx.startup" />
171-->[androidx.emoji2:emoji2:1.2.0] AndroidManifest.xml:31:17-49
172            <meta-data
172-->[androidx.lifecycle:lifecycle-process:2.4.1] AndroidManifest.xml:31:13-33:52
173                android:name="androidx.lifecycle.ProcessLifecycleInitializer"
173-->[androidx.lifecycle:lifecycle-process:2.4.1] AndroidManifest.xml:32:17-78
174                android:value="androidx.startup" />
174-->[androidx.lifecycle:lifecycle-process:2.4.1] AndroidManifest.xml:33:17-49
175        </provider>
176    </application>
177
178</manifest>